0 31 0 max: -0.388793
0 31 1 max: -0.388793
0 31 2 max: -0.388793
0 31 3 max: -0.388793
0 31 4 max: -0.388793
0 31 5 max: -0.388793
0 31 6 max: -0.388793
0 31 7 max: -0.388793
0 31 8 max: -0.388793
0 31 9 max: -0.388793
0 31 10 max: -0.388793
0 31 11 max: -0.388793
0 31 12 max: -0.388793
0 31 13 max: -0.388793
0 31 14 max: -0.388793
0 31 15 max: -0.388793
0 31 16 max: -0.388793
0 31 17 max: -0.388793
0 31 18 max: -0.388793
0 31 19 max: -0.388793
0 31 20 max: -0.388793
0 31 21 max: -0.388793
0 31 22 max: -0.388793
0 31 23 max: -0.388793
0 31 24 max: -0.388793
0 31 25 max: -0.388793
0 31 26 max: -0.388793
0 31 27 max: -0.388793
0 31 28 max: -0.388793
0 31 29 max: -0.388793
0 31 30 max: -0.388793
0 31 31 max: -0.388793
0 27 0 max: -0.590127
0 27 1 max: -0.590127
0 27 2 max: -0.590127
0 27 3 max: -0.590127
0 27 4 max: -0.590127
0 27 5 max: -0.590127
0 27 6 max: -0.590127
0 27 7 max: -0.590127
0 27 8 max: -0.590127
0 27 9 max: -0.590127
0 27 10 max: -0.590127
0 27 11 max: -0.590127
0 27 12 max: -0.590127
0 27 13 max: -0.590127
0 27 14 max: -0.590127
0 27 15 max: -0.590127
0 27 16 max: -0.590127
0 27 17 max: -0.590127
0 27 18 max: -0.590127
0 27 19 max: -0.590127
0 27 20 max: -0.590127
0 27 21 max: -0.590127
0 27 22 max: -0.590127
0 27 23 max: -0.590127
0 27 24 max: -0.590127
0 27 25 max: -0.590127
0 27 26 max: -0.590127
0 27 27 max: -0.590127
0 27 28 max: -0.590127
0 27 29 max: -0.590127
0 27 30 max: -0.590127
0 27 31 max: -0.590127
0 30 0 max: -1.977974
0 30 1 max: -1.977974
0 30 2 max: -1.977974
0 30 3 max: -1.977974
0 30 4 max: -1.977974
0 30 5 max: -1.977974
0 30 6 max: -1.977974
0 30 7 max: -1.977974
0 30 8 max: -1.977974
0 30 9 max: -1.977974
0 30 10 max: -1.977974
0 30 11 max: -1.977974
0 30 12 max: -1.977974
0 30 13 max: -1.977974
0 30 14 max: -1.977974
0 30 15 max: -1.977974
0 30 16 max: -1.977974
0 30 17 max: -1.977974
0 30 18 max: -1.977974
0 30 19 max: -1.977974
0 30 20 max: -1.977974
0 30 21 max: -1.977974
0 30 22 max: -1.977974
0 30 23 max: -1.977974
0 30 24 max: -1.977974
0 30 25 max: -1.977974
0 30 26 max: -1.977974
0 30 27 max: -1.977974
0 30 28 max: -1.977974
0 30 29 max: -1.977974
0 30 30 max: -1.977974
0 30 31 max: -1.977974
0 24 0 max: 1.046500
0 24 1 max: 1.046500
0 24 2 max: 1.046500
0 24 3 max: 1.046500
0 24 4 max: 1.046500
0 24 5 max: 1.046500
0 24 6 max: 1.046500
0 24 7 max: 1.046500
0 24 8 max: 1.046500
0 24 9 max: 1.046500
0 24 10 max: 1.046500
0 24 11 max: 1.046500
0 24 12 max: 1.046500
0 24 13 max: 1.046500
0 24 14 max: 1.046500
0 24 15 max: 1.046500
0 24 16 max: 1.046500
0 24 17 max: 1.046500
0 24 18 max: 1.046500
0 24 19 max: 1.046500
0 24 20 max: 1.046500
0 24 21 max: 1.046500
0 24 22 max: 1.046500
0 24 23 max: 1.046500
0 24 24 max: 1.046500
0 24 25 max: 1.046500
0 24 26 max: 1.046500
0 24 27 max: 1.046500
0 24 28 max: 1.046500
0 24 29 max: 1.046500
0 24 30 max: 1.046500
0 24 31 max: 1.046500
0 28 0 max: -2.164076
0 28 1 max: -2.164076
0 28 2 max: -2.164076
0 28 3 max: -2.164076
0 28 4 max: -2.164076
0 28 5 max: -2.164076
0 28 6 max: -2.164076
0 28 7 max: -2.164076
0 28 8 max: -2.164076
0 28 9 max: -2.164076
0 28 10 max: -2.164076
0 28 11 max: -2.164076
0 28 12 max: -2.164076
0 28 13 max: -2.164076
0 28 14 max: -2.164076
0 28 15 max: -2.164076
0 28 16 max: -2.164076
0 28 17 max: -2.164076
0 28 18 max: -2.164076
0 28 19 max: -2.164076
0 28 20 max: -2.164076
0 28 21 max: -2.164076
0 28 22 max: -2.164076
0 28 23 max: -2.164076
0 28 24 max: -2.164076
0 28 25 max: -2.164076
0 28 26 max: -2.164076
0 28 27 max: -2.164076
0 28 28 max: -2.164076
0 28 29 max: -2.164076
0 28 30 max: -2.164076
0 28 31 max: -2.164076
0 19 0 max: 0.418492
0 19 1 max: 0.418492
0 19 2 max: 0.418492
0 19 3 max: 0.418492
0 19 4 max: 0.418492
0 19 5 max: 0.418492
0 19 6 max: 0.418492
0 19 7 max: 0.418492
0 19 8 max: 0.418492
0 19 9 max: 0.418492
0 19 10 max: 0.418492
0 19 11 max: 0.418492
0 19 12 max: 0.418492
0 19 13 max: 0.418492
0 19 14 max: 0.418492
0 19 15 max: 0.418492
0 19 16 max: 0.418492
0 19 17 max: 0.418492
0 19 18 max: 0.418492
0 19 19 max: 0.418492
0 19 20 max: 0.418492
0 19 21 max: 0.418492
0 19 22 max: 0.418492
0 19 23 max: 0.418492
0 19 24 max: 0.418492
0 19 25 max: 0.418492
0 19 26 max: 0.418492
0 19 27 max: 0.418492
0 19 28 max: 0.418492
0 19 29 max: 0.418492
0 19 30 max: 0.418492
0 19 31 max: 0.418492
0 23 0 max: 0.636985
0 23 1 max: 0.636985
0 23 2 max: 0.636985
0 23 3 max: 0.636985
0 23 4 max: 0.636985
0 23 5 max: 0.636985
0 23 6 max: 0.636985
0 23 7 max: 0.636985
0 23 8 max: 0.636985
0 23 9 max: 0.636985
0 23 10 max: 0.636985
0 23 11 max: 0.636985
0 23 12 max: 0.636985
0 23 13 max: 0.636985
0 23 14 max: 0.636985
0 23 15 max: 0.636985
0 23 16 max: 0.636985
0 23 17 max: 0.636985
0 23 18 max: 0.636985
0 23 19 max: 0.636985
0 23 20 max: 0.636985
0 23 21 max: 0.636985
0 23 22 max: 0.636985
0 23 23 max: 0.636985
0 23 24 max: 0.636985
0 23 25 max: 0.636985
0 23 26 max: 0.636985
0 23 27 max: 0.636985
0 23 28 max: 0.636985
0 23 29 max: 0.636985
0 23 30 max: 0.636985
0 23 31 max: 0.636985
0 18 0 max: 1.420001
0 18 1 max: 1.420001
0 18 2 max: 1.420001
0 18 3 max: 1.420001
0 18 4 max: 1.420001
0 18 5 max: 1.420001
0 18 6 max: 1.420001
0 18 7 max: 1.420001
0 18 8 max: 1.420001
0 18 9 max: 1.420001
0 18 10 max: 1.420001
0 18 11 max: 1.420001
0 18 12 max: 1.420001
0 18 13 max: 1.420001
0 18 14 max: 1.420001
0 18 15 max: 1.420001
0 18 16 max: 1.420001
0 18 17 max: 1.420001
0 18 18 max: 1.420001
0 18 19 max: 1.420001
0 18 20 max: 1.420001
0 18 21 max: 1.420001
0 18 22 max: 1.420001
0 18 23 max: 1.420001
0 18 24 max: 1.420001
0 18 25 max: 1.420001
0 18 26 max: 1.420001
0 18 27 max: 1.420001
0 18 28 max: 1.420001
0 18 29 max: 1.420001
0 18 30 max: 1.420001
0 18 31 max: 1.420001
0 29 0 max: -2.076991
0 29 1 max: -2.076991
0 29 2 max: -2.076991
0 29 3 max: -2.076991
0 29 4 max: -2.076991
0 29 5 max: -2.076991
0 29 6 max: -2.076991
0 29 7 max: -2.076991
0 29 8 max: -2.076991
0 29 9 max: -2.076991
0 29 10 max: -2.076991
0 29 11 max: -2.076991
0 29 12 max: -2.076991
0 29 13 max: -2.076991
0 29 14 max: -2.076991
0 29 15 max: -2.076991
0 29 16 max: -2.076991
0 29 17 max: -2.076991
0 29 18 max: -2.076991
0 29 19 max: -2.076991
0 29 20 max: -2.076991
0 29 21 max: -2.076991
0 29 22 max: -2.076991
0 29 23 max: -2.076991
0 29 24 max: -2.076991
0 29 25 max: -2.076991
0 29 26 max: -2.076991
0 29 27 max: -2.076991
0 29 28 max: -2.076991
0 29 29 max: -2.076991
0 29 30 max: -2.076991
0 29 31 max: -2.076991
0 15 0 max: -4.426023
0 15 1 max: -4.426023
0 15 2 max: -4.426023
0 15 3 max: -4.426023
0 15 4 max: -4.426023
0 15 5 max: -4.426023
0 15 6 max: -4.426023
0 15 7 max: -4.426023
0 15 8 max: -4.426023
0 15 9 max: -4.426023
0 15 10 max: -4.426023
0 15 11 max: -4.426023
0 15 12 max: -4.426023
0 15 13 max: -4.426023
0 15 14 max: -4.426023
0 15 15 max: -4.426023
0 15 16 max: -4.426023
0 15 17 max: -4.426023
0 15 18 max: -4.426023
0 15 19 max: -4.426023
0 15 20 max: -4.426023
0 15 21 max: -4.426023
0 15 22 max: -4.426023
0 15 23 max: -4.426023
0 15 24 max: -4.426023
0 15 25 max: -4.426023
0 15 26 max: -4.426023
0 15 27 max: -4.426023
0 15 28 max: -4.426023
0 15 29 max: -4.426023
0 15 30 max: -4.426023
0 15 31 max: -4.426023
0 20 0 max: 3.386715
0 20 1 max: 3.386715
0 20 2 max: 3.386715
0 20 3 max: 3.386715
0 20 4 max: 3.386715
0 20 5 max: 3.386715
0 20 6 max: 3.386715
0 20 7 max: 3.386715
0 20 8 max: 3.386715
0 20 9 max: 3.386715
0 20 10 max: 3.386715
0 20 11 max: 3.386715
0 20 12 max: 3.386715
0 20 13 max: 3.386715
0 20 14 max: 3.386715
0 20 15 max: 3.386715
0 20 16 max: 3.386715
0 20 17 max: 3.386715
0 20 18 max: 3.386715
0 20 19 max: 3.386715
0 20 20 max: 3.386715
0 20 21 max: 3.386715
0 20 22 max: 3.386715
0 20 23 max: 3.386715
0 20 24 max: 3.386715
0 20 25 max: 3.386715
0 20 26 max: 3.386715
0 20 27 max: 3.386715
0 20 28 max: 3.386715
0 20 29 max: 3.386715
0 20 30 max: 3.386715
0 20 31 max: 3.386715
0 12 0 max: -3.793727
0 12 1 max: -3.793727
0 12 2 max: -3.793727
0 12 3 max: -3.793727
0 12 4 max: -3.793727
0 12 5 max: -3.793727
0 12 6 max: -3.793727
0 12 7 max: -3.793727
0 12 8 max: -3.793727
0 12 9 max: -3.793727
0 12 10 max: -3.793727
0 12 11 max: -3.793727
0 12 12 max: -3.793727
0 12 13 max: -3.793727
0 12 14 max: -3.793727
0 12 15 max: -3.793727
0 12 16 max: -3.793727
0 12 17 max: -3.793727
0 12 18 max: -3.793727
0 12 19 max: -3.793727
0 12 20 max: -3.793727
0 12 21 max: -3.793727
0 12 22 max: -3.793727
0 12 23 max: -3.793727
0 12 24 max: -3.793727
0 12 25 max: -3.793727
0 12 26 max: -3.793727
0 12 27 max: -3.793727
0 12 28 max: -3.793727
0 12 29 max: -3.793727
0 12 30 max: -3.793727
0 12 31 max: -3.793727
0 16 0 max: -0.641013
0 16 1 max: -0.641013
0 16 2 max: -0.641013
0 16 3 max: -0.641013
0 16 4 max: -0.641013
0 16 5 max: -0.641013
0 16 6 max: -0.641013
0 16 7 max: -0.641013
0 16 8 max: -0.641013
0 16 9 max: -0.641013
0 16 10 max: -0.641013
0 16 11 max: -0.641013
0 16 12 max: -0.641013
0 16 13 max: -0.641013
0 16 14 max: -0.641013
0 16 15 max: -0.641013
0 16 16 max: -0.641013
0 16 17 max: -0.641013
0 16 18 max: -0.641013
0 16 19 max: -0.641013
0 16 20 max: -0.641013
0 16 21 max: -0.641013
0 16 22 max: -0.641013
0 16 23 max: -0.641013
0 16 24 max: -0.641013
0 16 25 max: -0.641013
0 16 26 max: -0.641013
0 16 27 max: -0.641013
0 16 28 max: -0.641013
0 16 29 max: -0.641013
0 16 30 max: -0.641013
0 16 31 max: -0.641013
0 11 0 max: -2.804539
0 11 1 max: -2.804539
0 11 2 max: -2.804539
0 11 3 max: -2.804539
0 11 4 max: -2.804539
0 11 5 max: -2.804539
0 11 6 max: -2.804539
0 11 7 max: -2.804539
0 11 8 max: -2.804539
0 11 9 max: -2.804539
0 11 10 max: -2.804539
0 11 11 max: -2.804539
0 11 12 max: -2.804539
0 11 13 max: -2.804539
0 11 14 max: -2.804539
0 11 15 max: -2.804539
0 11 16 max: -2.804539
0 11 17 max: -2.804539
0 11 18 max: -2.804539
0 11 19 max: -2.804539
0 11 20 max: -2.804539
0 11 21 max: -2.804539
0 11 22 max: -2.804539
0 11 23 max: -2.804539
0 11 24 max: -2.804539
0 11 25 max: -2.804539
0 11 26 max: -2.804539
0 11 27 max: -2.804539
0 11 28 max: -2.804539
0 11 29 max: -2.804539
0 11 30 max: -2.804539
0 11 31 max: -2.804539
0 7 0 max: -2.167891
0 7 1 max: -2.167891
0 7 2 max: -2.167891
0 7 3 max: -2.167891
0 7 4 max: -2.167891
0 7 5 max: -2.167891
0 7 6 max: -2.167891
0 7 7 max: -2.167891
0 7 8 max: -2.167891
0 7 9 max: -2.167891
0 7 10 max: -2.167891
0 7 11 max: -2.167891
0 7 12 max: -2.167891
0 7 13 max: -2.167891
0 7 14 max: -2.167891
0 7 15 max: -2.167891
0 7 16 max: -2.167891
0 7 17 max: -2.167891
0 7 18 max: -2.167891
0 7 19 max: -2.167891
0 7 20 max: -2.167891
0 7 21 max: -2.167891
0 7 22 max: -2.167891
0 7 23 max: -2.167891
0 7 24 max: -2.167891
0 7 25 max: -2.167891
0 7 26 max: -2.167891
0 7 27 max: -2.167891
0 7 28 max: -2.167891
0 7 29 max: -2.167891
0 7 30 max: -2.167891
0 7 31 max: -2.167891
0 8 0 max: 0.395902
0 8 1 max: 0.395902
0 8 2 max: 0.395902
0 8 3 max: 0.395902
0 8 4 max: 0.395902
0 8 5 max: 0.395902
0 8 6 max: 0.395902
0 8 7 max: 0.395902
0 8 8 max: 0.395902
0 8 9 max: 0.395902
0 8 10 max: 0.395902
0 8 11 max: 0.395902
0 8 12 max: 0.395902
0 8 13 max: 0.395902
0 8 14 max: 0.395902
0 8 15 max: 0.395902
0 8 16 max: 0.395902
0 8 17 max: 0.395902
0 8 18 max: 0.395902
0 8 19 max: 0.395902
0 8 20 max: 0.395902
0 8 21 max: 0.395902
0 8 22 max: 0.395902
0 8 23 max: 0.395902
0 8 24 max: 0.395902
0 8 25 max: 0.395902
0 8 26 max: 0.395902
0 8 27 max: 0.395902
0 8 28 max: 0.395902
0 8 29 max: 0.395902
0 8 30 max: 0.395902
0 8 31 max: 0.395902
0 25 0 max: -1.496693
0 25 1 max: -1.496693
0 25 2 max: -1.496693
0 25 3 max: -1.496693
0 25 4 max: -1.496693
0 25 5 max: -1.496693
0 25 6 max: -1.496693
0 25 7 max: -1.496693
0 25 8 max: -1.496693
0 25 9 max: -1.496693
0 25 10 max: -1.496693
0 25 11 max: -1.496693
0 25 12 max: -1.496693
0 25 13 max: -1.496693
0 25 14 max: -1.496693
0 25 15 max: -1.496693
0 25 16 max: -1.496693
0 25 17 max: -1.496693
0 25 18 max: -1.496693
0 25 19 max: -1.496693
0 25 20 max: -1.496693
0 25 21 max: -1.496693
0 25 22 max: -1.496693
0 25 23 max: -1.496693
0 25 24 max: -1.496693
0 25 25 max: -1.496693
0 25 26 max: -1.496693
0 25 27 max: -1.496693
0 25 28 max: -1.496693
0 25 29 max: -1.496693
0 25 30 max: -1.496693
0 25 31 max: -1.496693
0 17 0 max: -1.771810
0 17 1 max: -1.771810
0 17 2 max: -1.771810
0 17 3 max: -1.771810
0 17 4 max: -1.771810
0 17 5 max: -1.771810
0 17 6 max: -1.771810
0 17 7 max: -1.771810
0 17 8 max: -1.771810
0 17 9 max: -1.771810
0 17 10 max: -1.771810
0 17 11 max: -1.771810
0 17 12 max: -1.771810
0 17 13 max: -1.771810
0 17 14 max: -1.771810
0 17 15 max: -1.771810
0 17 16 max: -1.771810
0 17 17 max: -1.771810
0 17 18 max: -1.771810
0 17 19 max: -1.771810
0 17 20 max: -1.771810
0 17 21 max: -1.771810
0 17 22 max: -1.771810
0 17 23 max: -1.771810
0 17 24 max: -1.771810
0 17 25 max: -1.771810
0 17 26 max: -1.771810
0 17 27 max: -1.771810
0 17 28 max: -1.771810
0 17 29 max: -1.771810
0 17 30 max: -1.771810
0 17 31 max: -1.771810
0 3 0 max: 0.775475
0 3 1 max: 0.775475
0 3 2 max: 0.775475
0 3 3 max: 0.775475
0 3 4 max: 0.775475
0 3 5 max: 0.775475
0 3 6 max: 0.775475
0 3 7 max: 0.775475
0 3 8 max: 0.775475
0 3 9 max: 0.775475
0 3 10 max: 0.775475
0 3 11 max: 0.775475
0 3 12 max: 0.775475
0 3 13 max: 0.775475
0 3 14 max: 0.775475
0 3 15 max: 0.775475
0 3 16 max: 0.775475
0 3 17 max: 0.775475
0 3 18 max: 0.775475
0 3 19 max: 0.775475
0 3 20 max: 0.775475
0 3 21 max: 0.775475
0 3 22 max: 0.775475
0 3 23 max: 0.775475
0 3 24 max: 0.775475
0 3 25 max: 0.775475
0 3 26 max: 0.775475
0 3 27 max: 0.775475
0 3 28 max: 0.775475
0 3 29 max: 0.775475
0 3 30 max: 0.775475
0 3 31 max: 0.775475
0 26 0 max: -0.960855
0 26 1 max: -0.960855
0 26 2 max: -0.960855
0 26 3 max: -0.960855
0 26 4 max: -0.960855
0 26 5 max: -0.960855
0 26 6 max: -0.960855
0 26 7 max: -0.960855
0 26 8 max: -0.960855
0 26 9 max: -0.960855
0 26 10 max: -0.960855
0 26 11 max: -0.960855
0 26 12 max: -0.960855
0 26 13 max: -0.960855
0 26 14 max: -0.960855
0 26 15 max: -0.960855
0 26 16 max: -0.960855
0 26 17 max: -0.960855
0 26 18 max: -0.960855
0 26 19 max: -0.960855
0 26 20 max: -0.960855
0 26 21 max: -0.960855
0 26 22 max: -0.960855
0 26 23 max: -0.960855
0 26 24 max: -0.960855
0 26 25 max: -0.960855
0 26 26 max: -0.960855
0 26 27 max: -0.960855
0 26 28 max: -0.960855
0 26 29 max: -0.960855
0 26 30 max: -0.960855
0 26 31 max: -0.960855
0 22 0 max: -0.490872
0 22 1 max: -0.490872
0 22 2 max: -0.490872
0 22 3 max: -0.490872
0 22 4 max: -0.490872
0 22 5 max: -0.490872
0 22 6 max: -0.490872
0 22 7 max: -0.490872
0 22 8 max: -0.490872
0 22 9 max: -0.490872
0 22 10 max: -0.490872
0 22 11 max: -0.490872
0 22 12 max: -0.490872
0 22 13 max: -0.490872
0 22 14 max: -0.490872
0 22 15 max: -0.490872
0 22 16 max: -0.490872
0 22 17 max: -0.490872
0 22 18 max: -0.490872
0 22 19 max: -0.490872
0 22 20 max: -0.490872
0 22 21 max: -0.490872
0 22 22 max: -0.490872
0 22 23 max: -0.490872
0 22 24 max: -0.490872
0 22 25 max: -0.490872
0 22 26 max: -0.490872
0 22 27 max: -0.490872
0 22 28 max: -0.490872
0 22 29 max: -0.490872
0 22 30 max: -0.490872
0 22 31 max: -0.490872
0 13 0 max: -0.317768
0 13 1 max: -0.317768
0 13 2 max: -0.317768
0 13 3 max: -0.317768
0 13 4 max: -0.317768
0 13 5 max: -0.317768
0 13 6 max: -0.317768
0 13 7 max: -0.317768
0 13 8 max: -0.317768
0 13 9 max: -0.317768
0 13 10 max: -0.317768
0 13 11 max: -0.317768
0 13 12 max: -0.317768
0 13 13 max: -0.317768
0 13 14 max: -0.317768
0 13 15 max: -0.317768
0 13 16 max: -0.317768
0 13 17 max: -0.317768
0 13 18 max: -0.317768
0 13 19 max: -0.317768
0 13 20 max: -0.317768
0 13 21 max: -0.317768
0 13 22 max: -0.317768
0 13 23 max: -0.317768
0 13 24 max: -0.317768
0 13 25 max: -0.317768
0 13 26 max: -0.317768
0 13 27 max: -0.317768
0 13 28 max: -0.317768
0 13 29 max: -0.317768
0 13 30 max: -0.317768
0 13 31 max: -0.317768
0 9 0 max: -1.867764
0 9 1 max: -1.867764
0 9 2 max: -1.867764
0 9 3 max: -1.867764
0 9 4 max: -1.867764
0 9 5 max: -1.867764
0 9 6 max: -1.867764
0 9 7 max: -1.867764
0 9 8 max: -1.867764
0 9 9 max: -1.867764
0 9 10 max: -1.867764
0 9 11 max: -1.867764
0 9 12 max: -1.867764
0 9 13 max: -1.867764
0 9 14 max: -1.867764
0 9 15 max: -1.867764
0 9 16 max: -1.867764
0 9 17 max: -1.867764
0 9 18 max: -1.867764
0 9 19 max: -1.867764
0 9 20 max: -1.867764
0 9 21 max: -1.867764
0 9 22 max: -1.867764
0 9 23 max: -1.867764
0 9 24 max: -1.867764
0 9 25 max: -1.867764
0 9 26 max: -1.867764
0 9 27 max: -1.867764
0 9 28 max: -1.867764
0 9 29 max: -1.867764
0 9 30 max: -1.867764
0 9 31 max: -1.867764
0 4 0 max: -2.613721
0 4 1 max: -2.613721
0 4 2 max: -2.613721
0 4 3 max: -2.613721
0 4 4 max: -2.613721
0 4 5 max: -2.613721
0 4 6 max: -2.613721
0 4 7 max: -2.613721
0 4 8 max: -2.613721
0 4 9 max: -2.613721
0 4 10 max: -2.613721
0 4 11 max: -2.613721
0 4 12 max: -2.613721
0 4 13 max: -2.613721
0 4 14 max: -2.613721
0 4 15 max: -2.613721
0 4 16 max: -2.613721
0 4 17 max: -2.613721
0 4 18 max: -2.613721
0 4 19 max: -2.613721
0 4 20 max: -2.613721
0 4 21 max: -2.613721
0 4 22 max: -2.613721
0 4 23 max: -2.613721
0 4 24 max: -2.613721
0 4 25 max: -2.613721
0 4 26 max: -2.613721
0 4 27 max: -2.613721
0 4 28 max: -2.613721
0 4 29 max: -2.613721
0 4 30 max: -2.613721
0 4 31 max: -2.613721
0 21 0 max: -0.233915
0 21 1 max: -0.233915
0 21 2 max: -0.233915
0 21 3 max: -0.233915
0 21 4 max: -0.233915
0 21 5 max: -0.233915
0 21 6 max: -0.233915
0 21 7 max: -0.233915
0 21 8 max: -0.233915
0 21 9 max: -0.233915
0 21 10 max: -0.233915
0 21 11 max: -0.233915
0 21 12 max: -0.233915
0 21 13 max: -0.233915
0 21 14 max: -0.233915
0 21 15 max: -0.233915
0 21 16 max: -0.233915
0 21 17 max: -0.233915
0 21 18 max: -0.233915
0 21 19 max: -0.233915
0 21 20 max: -0.233915
0 21 21 max: -0.233915
0 21 22 max: -0.233915
0 21 23 max: -0.233915
0 21 24 max: -0.233915
0 21 25 max: -0.233915
0 21 26 max: -0.233915
0 21 27 max: -0.233915
0 21 28 max: -0.233915
0 21 29 max: -0.233915
0 21 30 max: -0.233915
0 21 31 max: -0.233915
0 14 0 max: -1.218134
0 14 1 max: -1.218134
0 14 2 max: -1.218134
0 14 3 max: -1.218134
0 14 4 max: -1.218134
0 14 5 max: -1.218134
0 14 6 max: -1.218134
0 14 7 max: -1.218134
0 14 8 max: -1.218134
0 14 9 max: -1.218134
0 14 10 max: -1.218134
0 14 11 max: -1.218134
0 14 12 max: -1.218134
0 14 13 max: -1.218134
0 14 14 max: -1.218134
0 14 15 max: -1.218134
0 14 16 max: -1.218134
0 14 17 max: -1.218134
0 14 18 max: -1.218134
0 14 19 max: -1.218134
0 14 20 max: -1.218134
0 14 21 max: -1.218134
0 14 22 max: -1.218134
0 14 23 max: -1.218134
0 14 24 max: -1.218134
0 14 25 max: -1.218134
0 14 26 max: -1.218134
0 14 27 max: -1.218134
0 14 28 max: -1.218134
0 14 29 max: -1.218134
0 14 30 max: -1.218134
0 14 31 max: -1.218134
0 5 0 max: -2.229312
0 5 1 max: -2.229312
0 5 2 max: -2.229312
0 5 3 max: -2.229312
0 5 4 max: -2.229312
0 5 5 max: -2.229312
0 5 6 max: -2.229312
0 5 7 max: -2.229312
0 5 8 max: -2.229312
0 5 9 max: -2.229312
0 5 10 max: -2.229312
0 5 11 max: -2.229312
0 5 12 max: -2.229312
0 5 13 max: -2.229312
0 5 14 max: -2.229312
0 5 15 max: -2.229312
0 5 16 max: -2.229312
0 5 17 max: -2.229312
0 5 18 max: -2.229312
0 5 19 max: -2.229312
0 5 20 max: -2.229312
0 5 21 max: -2.229312
0 5 22 max: -2.229312
0 5 23 max: -2.229312
0 5 24 max: -2.229312
0 5 25 max: -2.229312
0 5 26 max: -2.229312
0 5 27 max: -2.229312
0 5 28 max: -2.229312
0 5 29 max: -2.229312
0 5 30 max: -2.229312
0 5 31 max: -2.229312
0 6 0 max: -2.695371
0 6 1 max: -2.695371
0 6 2 max: -2.695371
0 6 3 max: -2.695371
0 6 4 max: -2.695371
0 6 5 max: -2.695371
0 6 6 max: -2.695371
0 6 7 max: -2.695371
0 6 8 max: -2.695371
0 6 9 max: -2.695371
0 6 10 max: -2.695371
0 6 11 max: -2.695371
0 6 12 max: -2.695371
0 6 13 max: -2.695371
0 6 14 max: -2.695371
0 6 15 max: -2.695371
0 6 16 max: -2.695371
0 6 17 max: -2.695371
0 6 18 max: -2.695371
0 6 19 max: -2.695371
0 6 20 max: -2.695371
0 6 21 max: -2.695371
0 6 22 max: -2.695371
0 6 23 max: -2.695371
0 6 24 max: -2.695371
0 6 25 max: -2.695371
0 6 26 max: -2.695371
0 6 27 max: -2.695371
0 6 28 max: -2.695371
0 6 29 max: -2.695371
0 6 30 max: -2.695371
0 6 31 max: -2.695371
0 10 0 max: 1.763104
0 10 1 max: 1.763104
0 10 2 max: 1.763104
0 10 3 max: 1.763104
0 10 4 max: 1.763104
0 10 5 max: 1.763104
0 10 6 max: 1.763104
0 10 7 max: 1.763104
0 10 8 max: 1.763104
0 10 9 max: 1.763104
0 10 10 max: 1.763104
0 10 11 max: 1.763104
0 10 12 max: 1.763104
0 10 13 max: 1.763104
0 10 14 max: 1.763104
0 10 15 max: 1.763104
0 10 16 max: 1.763104
0 10 17 max: 1.763104
0 10 18 max: 1.763104
0 10 19 max: 1.763104
0 10 20 max: 1.763104
0 10 21 max: 1.763104
0 10 22 max: 1.763104
0 10 23 max: 1.763104
0 10 24 max: 1.763104
0 10 25 max: 1.763104
0 10 26 max: 1.763104
0 10 27 max: 1.763104
0 10 28 max: 1.763104
0 10 29 max: 1.763104
0 10 30 max: 1.763104
0 10 31 max: 1.763104
0 0 0 max: 1.732726
0 0 1 max: 1.732726
0 0 2 max: 1.732726
0 0 3 max: 1.732726
0 0 4 max: 1.732726
0 0 5 max: 1.732726
0 0 6 max: 1.732726
0 0 7 max: 1.732726
0 0 8 max: 1.732726
0 0 9 max: 1.732726
0 0 10 max: 1.732726
0 0 11 max: 1.732726
0 0 12 max: 1.732726
0 0 13 max: 1.732726
0 0 14 max: 1.732726
0 0 15 max: 1.732726
0 0 16 max: 1.732726
0 0 17 max: 1.732726
0 0 18 max: 1.732726
0 0 19 max: 1.732726
0 0 20 max: 1.732726
0 0 21 max: 1.732726
0 0 22 max: 1.732726
0 0 23 max: 1.732726
0 0 24 max: 1.732726
0 0 25 max: 1.732726
0 0 26 max: 1.732726
0 0 27 max: 1.732726
0 0 28 max: 1.732726
0 0 29 max: 1.732726
0 0 30 max: 1.732726
0 0 31 max: 1.732726
0 1 0 max: 1.446200
0 1 1 max: 1.446200
0 1 2 max: 1.446200
0 1 3 max: 1.446200
0 1 4 max: 1.446200
0 1 5 max: 1.446200
0 1 6 max: 1.446200
0 1 7 max: 1.446200
0 1 8 max: 1.446200
0 1 9 max: 1.446200
0 1 10 max: 1.446200
0 1 11 max: 1.446200
0 1 12 max: 1.446200
0 1 13 max: 1.446200
0 1 14 max: 1.446200
0 1 15 max: 1.446200
0 1 16 max: 1.446200
0 1 17 max: 1.446200
0 1 18 max: 1.446200
0 1 19 max: 1.446200
0 1 20 max: 1.446200
0 1 21 max: 1.446200
0 1 22 max: 1.446200
0 1 23 max: 1.446200
0 1 24 max: 1.446200
0 1 25 max: 1.446200
0 1 26 max: 1.446200
0 1 27 max: 1.446200
0 1 28 max: 1.446200
0 1 29 max: 1.446200
0 1 30 max: 1.446200
0 1 31 max: 1.446200
0 2 0 max: -1.319163
0 2 1 max: -1.319163
0 2 2 max: -1.319163
0 2 3 max: -1.319163
0 2 4 max: -1.319163
0 2 5 max: -1.319163
0 2 6 max: -1.319163
0 2 7 max: -1.319163
0 2 8 max: -1.319163
0 2 9 max: -1.319163
0 2 10 max: -1.319163
0 2 11 max: -1.319163
0 2 12 max: -1.319163
0 2 13 max: -1.319163
0 2 14 max: -1.319163
0 2 15 max: -1.319163
0 2 16 max: -1.319163
0 2 17 max: -1.319163
0 2 18 max: -1.319163
0 2 19 max: -1.319163
0 2 20 max: -1.319163
0 2 21 max: -1.319163
0 2 22 max: -1.319163
0 2 23 max: -1.319163
0 2 24 max: -1.319163
0 2 25 max: -1.319163
0 2 26 max: -1.319163
0 2 27 max: -1.319163
0 2 28 max: -1.319163
0 2 29 max: -1.319163
0 2 30 max: -1.319163
0 2 31 max: -1.319163
0 31 0 sum: 1.000000
0 31 1 sum: 1.000000
0 31 2 sum: 1.000000
0 31 3 sum: 1.000000
0 31 4 sum: 1.000000
0 31 5 sum: 1.000000
0 31 6 sum: 1.000000
0 31 7 sum: 1.000000
0 31 8 sum: 1.000000
0 31 9 sum: 1.000000
0 31 10 sum: 1.000000
0 31 11 sum: 1.000000
0 31 12 sum: 1.000000
0 31 13 sum: 1.000000
0 31 14 sum: 1.000000
0 31 15 sum: 1.000000
0 31 16 sum: 1.000000
0 31 17 sum: 1.000000
0 31 18 sum: 1.000000
0 31 19 sum: 1.000000
0 31 20 sum: 1.000000
0 31 21 sum: 1.000000
0 31 22 sum: 1.000000
0 31 23 sum: 1.000000
0 31 24 sum: 1.000000
0 31 25 sum: 1.000000
0 31 26 sum: 1.000000
0 31 27 sum: 1.000000
0 31 28 sum: 1.000000
0 31 29 sum: 1.000000
0 31 30 sum: 1.000000
0 31 31 sum: 1.000000
0 28 0 sum: 1.000000
0 28 1 sum: 1.000000
0 28 2 sum: 1.000000
0 28 3 sum: 1.000000
0 28 4 sum: 1.000000
0 28 5 sum: 1.000000
0 28 6 sum: 1.000000
0 28 7 sum: 1.000000
0 28 8 sum: 1.000000
0 28 9 sum: 1.000000
0 28 10 sum: 1.000000
0 28 11 sum: 1.000000
0 28 12 sum: 1.000000
0 28 13 sum: 1.000000
0 28 14 sum: 1.000000
0 28 15 sum: 1.000000
0 28 16 sum: 1.000000
0 28 17 sum: 1.000000
0 28 18 sum: 1.000000
0 28 19 sum: 1.000000
0 28 20 sum: 1.000000
0 28 21 sum: 1.000000
0 28 22 sum: 1.000000
0 28 23 sum: 1.000000
0 28 24 sum: 1.000000
0 28 25 sum: 1.000000
0 28 26 sum: 1.000000
0 28 27 sum: 1.000000
0 28 28 sum: 1.000000
0 28 29 sum: 1.000000
0 28 30 sum: 1.000000
0 28 31 sum: 1.000000
0 19 0 sum: 1.000000
0 19 1 sum: 1.000000
0 19 2 sum: 1.000000
0 19 3 sum: 1.000000
0 19 4 sum: 1.000000
0 19 5 sum: 1.000000
0 19 6 sum: 1.000000
0 19 7 sum: 1.000000
0 19 8 sum: 1.000000
0 19 9 sum: 1.000000
0 19 10 sum: 1.000000
0 19 11 sum: 1.000000
0 19 12 sum: 1.000000
0 19 13 sum: 1.000000
0 19 14 sum: 1.000000
0 19 15 sum: 1.000000
0 19 16 sum: 1.000000
0 19 17 sum: 1.000000
0 19 18 sum: 1.000000
0 19 19 sum: 1.000000
0 19 20 sum: 1.000000
0 19 21 sum: 1.000000
0 19 22 sum: 1.000000
0 19 23 sum: 1.000000
0 19 24 sum: 1.000000
0 19 25 sum: 1.000000
0 19 26 sum: 1.000000
0 19 27 sum: 1.000000
0 19 28 sum: 1.000000
0 19 29 sum: 1.000000
0 19 30 sum: 1.000000
0 19 31 sum: 1.000000
0 24 0 sum: 1.000000
0 24 1 sum: 1.000000
0 24 2 sum: 1.000000
0 24 3 sum: 1.000000
0 24 4 sum: 1.000000
0 24 5 sum: 1.000000
0 24 6 sum: 1.000000
0 24 7 sum: 1.000000
0 24 8 sum: 1.000000
0 24 9 sum: 1.000000
0 24 10 sum: 1.000000
0 24 11 sum: 1.000000
0 24 12 sum: 1.000000
0 24 13 sum: 1.000000
0 24 14 sum: 1.000000
0 24 15 sum: 1.000000
0 24 16 sum: 1.000000
0 24 17 sum: 1.000000
0 24 18 sum: 1.000000
0 24 19 sum: 1.000000
0 24 20 sum: 1.000000
0 24 21 sum: 1.000000
0 24 22 sum: 1.000000
0 24 23 sum: 1.000000
0 24 24 sum: 1.000000
0 24 25 sum: 1.000000
0 24 26 sum: 1.000000
0 24 27 sum: 1.000000
0 24 28 sum: 1.000000
0 24 29 sum: 1.000000
0 24 30 sum: 1.000000
0 24 31 sum: 1.000000
0 27 0 sum: 1.000000
0 27 1 sum: 1.000000
0 27 2 sum: 1.000000
0 27 3 sum: 1.000000
0 27 4 sum: 1.000000
0 27 5 sum: 1.000000
0 27 6 sum: 1.000000
0 27 7 sum: 1.000000
0 27 8 sum: 1.000000
0 27 9 sum: 1.000000
0 27 10 sum: 1.000000
0 27 11 sum: 1.000000
0 27 12 sum: 1.000000
0 27 13 sum: 1.000000
0 27 14 sum: 1.000000
0 27 15 sum: 1.000000
0 27 16 sum: 1.000000
0 27 17 sum: 1.000000
0 27 18 sum: 1.000000
0 27 19 sum: 1.000000
0 27 20 sum: 1.000000
0 27 21 sum: 1.000000
0 27 22 sum: 1.000000
0 27 23 sum: 1.000000
0 27 24 sum: 1.000000
0 27 25 sum: 1.000000
0 27 26 sum: 1.000000
0 27 27 sum: 1.000000
0 27 28 sum: 1.000000
0 27 29 sum: 1.000000
0 27 30 sum: 1.000000
0 27 31 sum: 1.000000
0 23 0 sum: 1.000000
0 23 1 sum: 1.000000
0 23 2 sum: 1.000000
0 23 3 sum: 1.000000
0 23 4 sum: 1.000000
0 23 5 sum: 1.000000
0 23 6 sum: 1.000000
0 23 7 sum: 1.000000
0 23 8 sum: 1.000000
0 23 9 sum: 1.000000
0 23 10 sum: 1.000000
0 23 11 sum: 1.000000
0 23 12 sum: 1.000000
0 23 13 sum: 1.000000
0 23 14 sum: 1.000000
0 23 15 sum: 1.000000
0 23 16 sum: 1.000000
0 23 17 sum: 1.000000
0 23 18 sum: 1.000000
0 23 19 sum: 1.000000
0 23 20 sum: 1.000000
0 23 21 sum: 1.000000
0 23 22 sum: 1.000000
0 23 23 sum: 1.000000
0 23 24 sum: 1.000000
0 23 25 sum: 1.000000
0 23 26 sum: 1.000000
0 23 27 sum: 1.000000
0 23 28 sum: 1.000000
0 23 29 sum: 1.000000
0 23 30 sum: 1.000000
0 23 31 sum: 1.000000
0 30 0 sum: 1.000000
0 30 1 sum: 1.000000
0 30 2 sum: 1.000000
0 30 3 sum: 1.000000
0 30 4 sum: 1.000000
0 30 5 sum: 1.000000
0 30 6 sum: 1.000000
0 30 7 sum: 1.000000
0 30 8 sum: 1.000000
0 30 9 sum: 1.000000
0 30 10 sum: 1.000000
0 30 11 sum: 1.000000
0 30 12 sum: 1.000000
0 30 13 sum: 1.000000
0 30 14 sum: 1.000000
0 30 15 sum: 1.000000
0 30 16 sum: 1.000000
0 30 17 sum: 1.000000
0 30 18 sum: 1.000000
0 30 19 sum: 1.000000
0 30 20 sum: 1.000000
0 30 21 sum: 1.000000
0 30 22 sum: 1.000000
0 30 23 sum: 1.000000
0 30 24 sum: 1.000000
0 30 25 sum: 1.000000
0 30 26 sum: 1.000000
0 30 27 sum: 1.000000
0 30 28 sum: 1.000000
0 30 29 sum: 1.000000
0 30 30 sum: 1.000000
0 30 31 sum: 1.000000
0 15 0 sum: 1.000000
0 15 1 sum: 1.000000
0 15 2 sum: 1.000000
0 15 3 sum: 1.000000
0 15 4 sum: 1.000000
0 15 5 sum: 1.000000
0 15 6 sum: 1.000000
0 15 7 sum: 1.000000
0 15 8 sum: 1.000000
0 15 9 sum: 1.000000
0 15 10 sum: 1.000000
0 15 11 sum: 1.000000
0 15 12 sum: 1.000000
0 15 13 sum: 1.000000
0 15 14 sum: 1.000000
0 15 15 sum: 1.000000
0 15 16 sum: 1.000000
0 15 17 sum: 1.000000
0 15 18 sum: 1.000000
0 15 19 sum: 1.000000
0 15 20 sum: 1.000000
0 15 21 sum: 1.000000
0 15 22 sum: 1.000000
0 15 23 sum: 1.000000
0 15 24 sum: 1.000000
0 15 25 sum: 1.000000
0 15 26 sum: 1.000000
0 15 27 sum: 1.000000
0 15 28 sum: 1.000000
0 15 29 sum: 1.000000
0 15 30 sum: 1.000000
0 15 31 sum: 1.000000
0 29 0 sum: 1.000000
0 29 1 sum: 1.000000
0 29 2 sum: 1.000000
0 29 3 sum: 1.000000
0 29 4 sum: 1.000000
0 29 5 sum: 1.000000
0 29 6 sum: 1.000000
0 29 7 sum: 1.000000
0 29 8 sum: 1.000000
0 29 9 sum: 1.000000
0 29 10 sum: 1.000000
0 29 11 sum: 1.000000
0 29 12 sum: 1.000000
0 29 13 sum: 1.000000
0 29 14 sum: 1.000000
0 29 15 sum: 1.000000
0 29 16 sum: 1.000000
0 29 17 sum: 1.000000
0 29 18 sum: 1.000000
0 29 19 sum: 1.000000
0 29 20 sum: 1.000000
0 29 21 sum: 1.000000
0 29 22 sum: 1.000000
0 29 23 sum: 1.000000
0 29 24 sum: 1.000000
0 29 25 sum: 1.000000
0 29 26 sum: 1.000000
0 29 27 sum: 1.000000
0 29 28 sum: 1.000000
0 29 29 sum: 1.000000
0 29 30 sum: 1.000000
0 29 31 sum: 1.000000
0 11 0 sum: 1.000000
0 11 1 sum: 1.000000
0 11 2 sum: 1.000000
0 11 3 sum: 1.000000
0 11 4 sum: 1.000000
0 11 5 sum: 1.000000
0 11 6 sum: 1.000000
0 11 7 sum: 1.000000
0 11 8 sum: 1.000000
0 11 9 sum: 1.000000
0 11 10 sum: 1.000000
0 11 11 sum: 1.000000
0 11 12 sum: 1.000000
0 11 13 sum: 1.000000
0 11 14 sum: 1.000000
0 11 15 sum: 1.000000
0 11 16 sum: 1.000000
0 11 17 sum: 1.000000
0 11 18 sum: 1.000000
0 11 19 sum: 1.000000
0 11 20 sum: 1.000000
0 11 21 sum: 1.000000
0 11 22 sum: 1.000000
0 11 23 sum: 1.000000
0 11 24 sum: 1.000000
0 11 25 sum: 1.000000
0 11 26 sum: 1.000000
0 11 27 sum: 1.000000
0 11 28 sum: 1.000000
0 11 29 sum: 1.000000
0 11 30 sum: 1.000000
0 11 31 sum: 1.000000
0 25 0 sum: 1.000000
0 25 1 sum: 1.000000
0 25 2 sum: 1.000000
0 25 3 sum: 1.000000
0 25 4 sum: 1.000000
0 25 5 sum: 1.000000
0 25 6 sum: 1.000000
0 25 7 sum: 1.000000
0 25 8 sum: 1.000000
0 25 9 sum: 1.000000
0 25 10 sum: 1.000000
0 25 11 sum: 1.000000
0 25 12 sum: 1.000000
0 25 13 sum: 1.000000
0 25 14 sum: 1.000000
0 25 15 sum: 1.000000
0 25 16 sum: 1.000000
0 25 17 sum: 1.000000
0 25 18 sum: 1.000000
0 25 19 sum: 1.000000
0 25 20 sum: 1.000000
0 25 21 sum: 1.000000
0 25 22 sum: 1.000000
0 25 23 sum: 1.000000
0 25 24 sum: 1.000000
0 25 25 sum: 1.000000
0 25 26 sum: 1.000000
0 25 27 sum: 1.000000
0 25 28 sum: 1.000000
0 25 29 sum: 1.000000
0 25 30 sum: 1.000000
0 25 31 sum: 1.000000
0 3 0 sum: 1.000000
0 3 1 sum: 1.000000
0 3 2 sum: 1.000000
0 3 3 sum: 1.000000
0 3 4 sum: 1.000000
0 3 5 sum: 1.000000
0 3 6 sum: 1.000000
0 3 7 sum: 1.000000
0 3 8 sum: 1.000000
0 3 9 sum: 1.000000
0 3 10 sum: 1.000000
0 3 11 sum: 1.000000
0 3 12 sum: 1.000000
0 3 13 sum: 1.000000
0 3 14 sum: 1.000000
0 3 15 sum: 1.000000
0 3 16 sum: 1.000000
0 3 17 sum: 1.000000
0 3 18 sum: 1.000000
0 3 19 sum: 1.000000
0 3 20 sum: 1.000000
0 3 21 sum: 1.000000
0 3 22 sum: 1.000000
0 3 23 sum: 1.000000
0 3 24 sum: 1.000000
0 3 25 sum: 1.000000
0 3 26 sum: 1.000000
0 3 27 sum: 1.000000
0 3 28 sum: 1.000000
0 3 29 sum: 1.000000
0 3 30 sum: 1.000000
0 3 31 sum: 1.000000
0 8 0 sum: 1.000000
0 8 1 sum: 1.000000
0 8 2 sum: 1.000000
0 8 3 sum: 1.000000
0 8 4 sum: 1.000000
0 8 5 sum: 1.000000
0 8 6 sum: 1.000000
0 8 7 sum: 1.000000
0 8 8 sum: 1.000000
0 8 9 sum: 1.000000
0 8 10 sum: 1.000000
0 8 11 sum: 1.000000
0 8 12 sum: 1.000000
0 8 13 sum: 1.000000
0 8 14 sum: 1.000000
0 8 15 sum: 1.000000
0 8 16 sum: 1.000000
0 8 17 sum: 1.000000
0 8 18 sum: 1.000000
0 8 19 sum: 1.000000
0 8 20 sum: 1.000000
0 8 21 sum: 1.000000
0 8 22 sum: 1.000000
0 8 23 sum: 1.000000
0 8 24 sum: 1.000000
0 8 25 sum: 1.000000
0 8 26 sum: 1.000000
0 8 27 sum: 1.000000
0 8 28 sum: 1.000000
0 8 29 sum: 1.000000
0 8 30 sum: 1.000000
0 8 31 sum: 1.000000
0 0 0 sum: 1.000000
0 0 1 sum: 1.000000
0 0 2 sum: 1.000000
0 0 3 sum: 1.000000
0 0 4 sum: 1.000000
0 0 5 sum: 1.000000
0 0 6 sum: 1.000000
0 0 7 sum: 1.000000
0 0 8 sum: 1.000000
0 0 9 sum: 1.000000
0 0 10 sum: 1.000000
0 0 11 sum: 1.000000
0 0 12 sum: 1.000000
0 0 13 sum: 1.000000
0 0 14 sum: 1.000000
0 0 15 sum: 1.000000
0 0 16 sum: 1.000000
0 0 17 sum: 1.000000
0 0 18 sum: 1.000000
0 0 19 sum: 1.000000
0 0 20 sum: 1.000000
0 0 21 sum: 1.000000
0 0 22 sum: 1.000000
0 0 23 sum: 1.000000
0 0 24 sum: 1.000000
0 0 25 sum: 1.000000
0 0 26 sum: 1.000000
0 0 27 sum: 1.000000
0 0 28 sum: 1.000000
0 0 29 sum: 1.000000
0 0 30 sum: 1.000000
0 0 31 sum: 1.000000
0 22 0 sum: 1.000000
0 22 1 sum: 1.000000
0 22 2 sum: 1.000000
0 22 3 sum: 1.000000
0 22 4 sum: 1.000000
0 22 5 sum: 1.000000
0 22 6 sum: 1.000000
0 22 7 sum: 1.000000
0 22 8 sum: 1.000000
0 22 9 sum: 1.000000
0 22 10 sum: 1.000000
0 22 11 sum: 1.000000
0 22 12 sum: 1.000000
0 22 13 sum: 1.000000
0 22 14 sum: 1.000000
0 22 15 sum: 1.000000
0 22 16 sum: 1.000000
0 22 17 sum: 1.000000
0 22 18 sum: 1.000000
0 22 19 sum: 1.000000
0 22 20 sum: 1.000000
0 22 21 sum: 1.000000
0 22 22 sum: 1.000000
0 22 23 sum: 1.000000
0 22 24 sum: 1.000000
0 22 25 sum: 1.000000
0 22 26 sum: 1.000000
0 22 27 sum: 1.000000
0 22 28 sum: 1.000000
0 22 29 sum: 1.000000
0 22 30 sum: 1.000000
0 22 31 sum: 1.000000
0 20 0 sum: 1.000000
0 20 1 sum: 1.000000
0 20 2 sum: 1.000000
0 20 3 sum: 1.000000
0 20 4 sum: 1.000000
0 20 5 sum: 1.000000
0 20 6 sum: 1.000000
0 20 7 sum: 1.000000
0 20 8 sum: 1.000000
0 20 9 sum: 1.000000
0 20 10 sum: 1.000000
0 20 11 sum: 1.000000
0 20 12 sum: 1.000000
0 20 13 sum: 1.000000
0 20 14 sum: 1.000000
0 20 15 sum: 1.000000
0 20 16 sum: 1.000000
0 20 17 sum: 1.000000
0 20 18 sum: 1.000000
0 20 19 sum: 1.000000
0 20 20 sum: 1.000000
0 20 21 sum: 1.000000
0 20 22 sum: 1.000000
0 20 23 sum: 1.000000
0 20 24 sum: 1.000000
0 20 25 sum: 1.000000
0 20 26 sum: 1.000000
0 20 27 sum: 1.000000
0 20 28 sum: 1.000000
0 20 29 sum: 1.000000
0 20 30 sum: 1.000000
0 20 31 sum: 1.000000
0 16 0 sum: 1.000000
0 16 1 sum: 1.000000
0 16 2 sum: 1.000000
0 16 3 sum: 1.000000
0 16 4 sum: 1.000000
0 16 5 sum: 1.000000
0 16 6 sum: 1.000000
0 16 7 sum: 1.000000
0 16 8 sum: 1.000000
0 16 9 sum: 1.000000
0 16 10 sum: 1.000000
0 16 11 sum: 1.000000
0 16 12 sum: 1.000000
0 16 13 sum: 1.000000
0 16 14 sum: 1.000000
0 16 15 sum: 1.000000
0 16 16 sum: 1.000000
0 16 17 sum: 1.000000
0 16 18 sum: 1.000000
0 16 19 sum: 1.000000
0 16 20 sum: 1.000000
0 16 21 sum: 1.000000
0 16 22 sum: 1.000000
0 16 23 sum: 1.000000
0 16 24 sum: 1.000000
0 16 25 sum: 1.000000
0 16 26 sum: 1.000000
0 16 27 sum: 1.000000
0 16 28 sum: 1.000000
0 16 29 sum: 1.000000
0 16 30 sum: 1.000000
0 16 31 sum: 1.000000
0 2 0 sum: 1.000000
0 2 1 sum: 1.000000
0 2 2 sum: 1.000000
0 2 3 sum: 1.000000
0 2 4 sum: 1.000000
0 2 5 sum: 1.000000
0 2 6 sum: 1.000000
0 2 7 sum: 1.000000
0 2 8 sum: 1.000000
0 2 9 sum: 1.000000
0 2 10 sum: 1.000000
0 2 11 sum: 1.000000
0 2 12 sum: 1.000000
0 2 13 sum: 1.000000
0 2 14 sum: 1.000000
0 2 15 sum: 1.000000
0 2 16 sum: 1.000000
0 2 17 sum: 1.000000
0 2 18 sum: 1.000000
0 2 19 sum: 1.000000
0 2 20 sum: 1.000000
0 2 21 sum: 1.000000
0 2 22 sum: 1.000000
0 2 23 sum: 1.000000
0 2 24 sum: 1.000000
0 2 25 sum: 1.000000
0 2 26 sum: 1.000000
0 2 27 sum: 1.000000
0 2 28 sum: 1.000000
0 2 29 sum: 1.000000
0 2 30 sum: 1.000000
0 2 31 sum: 1.000000
0 7 0 sum: 1.000000
0 7 1 sum: 1.000000
0 7 2 sum: 1.000000
0 7 3 sum: 1.000000
0 7 4 sum: 1.000000
0 7 5 sum: 1.000000
0 7 6 sum: 1.000000
0 7 7 sum: 1.000000
0 7 8 sum: 1.000000
0 7 9 sum: 1.000000
0 7 10 sum: 1.000000
0 7 11 sum: 1.000000
0 7 12 sum: 1.000000
0 7 13 sum: 1.000000
0 7 14 sum: 1.000000
0 7 15 sum: 1.000000
0 7 16 sum: 1.000000
0 7 17 sum: 1.000000
0 7 18 sum: 1.000000
0 7 19 sum: 1.000000
0 7 20 sum: 1.000000
0 7 21 sum: 1.000000
0 7 22 sum: 1.000000
0 7 23 sum: 1.000000
0 7 24 sum: 1.000000
0 7 25 sum: 1.000000
0 7 26 sum: 1.000000
0 7 27 sum: 1.000000
0 7 28 sum: 1.000000
0 7 29 sum: 1.000000
0 7 30 sum: 1.000000
0 7 31 sum: 1.000000
0 17 0 sum: 1.000000
0 17 1 sum: 1.000000
0 17 2 sum: 1.000000
0 17 3 sum: 1.000000
0 17 4 sum: 1.000000
0 17 5 sum: 1.000000
0 17 6 sum: 1.000000
0 17 7 sum: 1.000000
0 17 8 sum: 1.000000
0 17 9 sum: 1.000000
0 17 10 sum: 1.000000
0 17 11 sum: 1.000000
0 17 12 sum: 1.000000
0 17 13 sum: 1.000000
0 17 14 sum: 1.000000
0 17 15 sum: 1.000000
0 17 16 sum: 1.000000
0 17 17 sum: 1.000000
0 17 18 sum: 1.000000
0 17 19 sum: 1.000000
0 17 20 sum: 1.000000
0 17 21 sum: 1.000000
0 17 22 sum: 1.000000
0 17 23 sum: 1.000000
0 17 24 sum: 1.000000
0 17 25 sum: 1.000000
0 17 26 sum: 1.000000
0 17 27 sum: 1.000000
0 17 28 sum: 1.000000
0 17 29 sum: 1.000000
0 17 30 sum: 1.000000
0 17 31 sum: 1.000000
0 12 0 sum: 1.000000
0 12 1 sum: 1.000000
0 12 2 sum: 1.000000
0 12 3 sum: 1.000000
0 12 4 sum: 1.000000
0 12 5 sum: 1.000000
0 12 6 sum: 1.000000
0 12 7 sum: 1.000000
0 12 8 sum: 1.000000
0 12 9 sum: 1.000000
0 12 10 sum: 1.000000
0 12 11 sum: 1.000000
0 12 12 sum: 1.000000
0 12 13 sum: 1.000000
0 12 14 sum: 1.000000
0 12 15 sum: 1.000000
0 12 16 sum: 1.000000
0 12 17 sum: 1.000000
0 12 18 sum: 1.000000
0 12 19 sum: 1.000000
0 12 20 sum: 1.000000
0 12 21 sum: 1.000000
0 12 22 sum: 1.000000
0 12 23 sum: 1.000000
0 12 24 sum: 1.000000
0 12 25 sum: 1.000000
0 12 26 sum: 1.000000
0 12 27 sum: 1.000000
0 12 28 sum: 1.000000
0 12 29 sum: 1.000000
0 12 30 sum: 1.000000
0 12 31 sum: 1.000000
0 21 0 sum: 1.000000
0 21 1 sum: 1.000000
0 21 2 sum: 1.000000
0 21 3 sum: 1.000000
0 21 4 sum: 1.000000
0 21 5 sum: 1.000000
0 21 6 sum: 1.000000
0 21 7 sum: 1.000000
0 21 8 sum: 1.000000
0 21 9 sum: 1.000000
0 21 10 sum: 1.000000
0 21 11 sum: 1.000000
0 21 12 sum: 1.000000
0 21 13 sum: 1.000000
0 21 14 sum: 1.000000
0 21 15 sum: 1.000000
0 21 16 sum: 1.000000
0 21 17 sum: 1.000000
0 21 18 sum: 1.000000
0 21 19 sum: 1.000000
0 21 20 sum: 1.000000
0 21 21 sum: 1.000000
0 21 22 sum: 1.000000
0 21 23 sum: 1.000000
0 21 24 sum: 1.000000
0 21 25 sum: 1.000000
0 21 26 sum: 1.000000
0 21 27 sum: 1.000000
0 21 28 sum: 1.000000
0 21 29 sum: 1.000000
0 21 30 sum: 1.000000
0 21 31 sum: 1.000000
0 18 0 sum: 1.000000
0 18 1 sum: 1.000000
0 18 2 sum: 1.000000
0 18 3 sum: 1.000000
0 18 4 sum: 1.000000
0 18 5 sum: 1.000000
0 18 6 sum: 1.000000
0 18 7 sum: 1.000000
0 18 8 sum: 1.000000
0 18 9 sum: 1.000000
0 18 10 sum: 1.000000
0 18 11 sum: 1.000000
0 18 12 sum: 1.000000
0 18 13 sum: 1.000000
0 18 14 sum: 1.000000
0 18 15 sum: 1.000000
0 18 16 sum: 1.000000
0 18 17 sum: 1.000000
0 18 18 sum: 1.000000
0 18 19 sum: 1.000000
0 18 20 sum: 1.000000
0 18 21 sum: 1.000000
0 18 22 sum: 1.000000
0 18 23 sum: 1.000000
0 18 24 sum: 1.000000
0 18 25 sum: 1.000000
0 18 26 sum: 1.000000
0 18 27 sum: 1.000000
0 18 28 sum: 1.000000
0 18 29 sum: 1.000000
0 18 30 sum: 1.000000
0 18 31 sum: 1.000000
0 13 0 sum: 1.000000
0 13 1 sum: 1.000000
0 13 2 sum: 1.000000
0 13 3 sum: 1.000000
0 13 4 sum: 1.000000
0 13 5 sum: 1.000000
0 13 6 sum: 1.000000
0 13 7 sum: 1.000000
0 13 8 sum: 1.000000
0 13 9 sum: 1.000000
0 13 10 sum: 1.000000
0 13 11 sum: 1.000000
0 13 12 sum: 1.000000
0 13 13 sum: 1.000000
0 13 14 sum: 1.000000
0 13 15 sum: 1.000000
0 13 16 sum: 1.000000
0 13 17 sum: 1.000000
0 13 18 sum: 1.000000
0 13 19 sum: 1.000000
0 13 20 sum: 1.000000
0 13 21 sum: 1.000000
0 13 22 sum: 1.000000
0 13 23 sum: 1.000000
0 13 24 sum: 1.000000
0 13 25 sum: 1.000000
0 13 26 sum: 1.000000
0 13 27 sum: 1.000000
0 13 28 sum: 1.000000
0 13 29 sum: 1.000000
0 13 30 sum: 1.000000
0 13 31 sum: 1.000000
0 6 0 sum: 1.000000
0 6 1 sum: 1.000000
0 6 2 sum: 1.000000
0 6 3 sum: 1.000000
0 6 4 sum: 1.000000
0 6 5 sum: 1.000000
0 6 6 sum: 1.000000
0 6 7 sum: 1.000000
0 6 8 sum: 1.000000
0 6 9 sum: 1.000000
0 6 10 sum: 1.000000
0 6 11 sum: 1.000000
0 6 12 sum: 1.000000
0 6 13 sum: 1.000000
0 6 14 sum: 1.000000
0 6 15 sum: 1.000000
0 6 16 sum: 1.000000
0 6 17 sum: 1.000000
0 6 18 sum: 1.000000
0 6 19 sum: 1.000000
0 6 20 sum: 1.000000
0 6 21 sum: 1.000000
0 6 22 sum: 1.000000
0 6 23 sum: 1.000000
0 6 24 sum: 1.000000
0 6 25 sum: 1.000000
0 6 26 sum: 1.000000
0 6 27 sum: 1.000000
0 6 28 sum: 1.000000
0 6 29 sum: 1.000000
0 6 30 sum: 1.000000
0 6 31 sum: 1.000000
0 5 0 sum: 1.000000
0 5 1 sum: 1.000000
0 5 2 sum: 1.000000
0 5 3 sum: 1.000000
0 5 4 sum: 1.000000
0 5 5 sum: 1.000000
0 5 6 sum: 1.000000
0 5 7 sum: 1.000000
0 5 8 sum: 1.000000
0 5 9 sum: 1.000000
0 5 10 sum: 1.000000
0 5 11 sum: 1.000000
0 5 12 sum: 1.000000
0 5 13 sum: 1.000000
0 5 14 sum: 1.000000
0 5 15 sum: 1.000000
0 5 16 sum: 1.000000
0 5 17 sum: 1.000000
0 5 18 sum: 1.000000
0 5 19 sum: 1.000000
0 5 20 sum: 1.000000
0 5 21 sum: 1.000000
0 5 22 sum: 1.000000
0 5 23 sum: 1.000000
0 5 24 sum: 1.000000
0 5 25 sum: 1.000000
0 5 26 sum: 1.000000
0 5 27 sum: 1.000000
0 5 28 sum: 1.000000
0 5 29 sum: 1.000000
0 5 30 sum: 1.000000
0 5 31 sum: 1.000000
0 9 0 sum: 1.000000
0 9 1 sum: 1.000000
0 9 2 sum: 1.000000
0 9 3 sum: 1.000000
0 9 4 sum: 1.000000
0 9 5 sum: 1.000000
0 9 6 sum: 1.000000
0 9 7 sum: 1.000000
0 9 8 sum: 1.000000
0 9 9 sum: 1.000000
0 9 10 sum: 1.000000
0 9 11 sum: 1.000000
0 9 12 sum: 1.000000
0 9 13 sum: 1.000000
0 9 14 sum: 1.000000
0 9 15 sum: 1.000000
0 9 16 sum: 1.000000
0 9 17 sum: 1.000000
0 9 18 sum: 1.000000
0 9 19 sum: 1.000000
0 9 20 sum: 1.000000
0 9 21 sum: 1.000000
0 9 22 sum: 1.000000
0 9 23 sum: 1.000000
0 9 24 sum: 1.000000
0 9 25 sum: 1.000000
0 9 26 sum: 1.000000
0 9 27 sum: 1.000000
0 9 28 sum: 1.000000
0 9 29 sum: 1.000000
0 9 30 sum: 1.000000
0 9 31 sum: 1.000000
0 10 0 sum: 1.000000
0 10 1 sum: 1.000000
0 10 2 sum: 1.000000
0 10 3 sum: 1.000000
0 10 4 sum: 1.000000
0 10 5 sum: 1.000000
0 10 6 sum: 1.000000
0 10 7 sum: 1.000000
0 10 8 sum: 1.000000
0 10 9 sum: 1.000000
0 10 10 sum: 1.000000
0 10 11 sum: 1.000000
0 10 12 sum: 1.000000
0 10 13 sum: 1.000000
0 10 14 sum: 1.000000
0 10 15 sum: 1.000000
0 10 16 sum: 1.000000
0 10 17 sum: 1.000000
0 10 18 sum: 1.000000
0 10 19 sum: 1.000000
0 10 20 sum: 1.000000
0 10 21 sum: 1.000000
0 10 22 sum: 1.000000
0 10 23 sum: 1.000000
0 10 24 sum: 1.000000
0 10 25 sum: 1.000000
0 10 26 sum: 1.000000
0 10 27 sum: 1.000000
0 10 28 sum: 1.000000
0 10 29 sum: 1.000000
0 10 30 sum: 1.000000
0 10 31 sum: 1.000000
0 14 0 sum: 1.000000
0 14 1 sum: 1.000000
0 14 2 sum: 1.000000
0 14 3 sum: 1.000000
0 14 4 sum: 1.000000
0 14 5 sum: 1.000000
0 14 6 sum: 1.000000
0 14 7 sum: 1.000000
0 14 8 sum: 1.000000
0 14 9 sum: 1.000000
0 14 10 sum: 1.000000
0 14 11 sum: 1.000000
0 14 12 sum: 1.000000
0 14 13 sum: 1.000000
0 14 14 sum: 1.000000
0 14 15 sum: 1.000000
0 14 16 sum: 1.000000
0 14 17 sum: 1.000000
0 14 18 sum: 1.000000
0 14 19 sum: 1.000000
0 14 20 sum: 1.000000
0 14 21 sum: 1.000000
0 14 22 sum: 1.000000
0 14 23 sum: 1.000000
0 14 24 sum: 1.000000
0 14 25 sum: 1.000000
0 14 26 sum: 1.000000
0 14 27 sum: 1.000000
0 14 28 sum: 1.000000
0 14 29 sum: 1.000000
0 14 30 sum: 1.000000
0 14 31 sum: 1.000000
0 1 0 sum: 1.000000
0 1 1 sum: 1.000000
0 1 2 sum: 1.000000
0 1 3 sum: 1.000000
0 1 4 sum: 1.000000
0 1 5 sum: 1.000000
0 1 6 sum: 1.000000
0 1 7 sum: 1.000000
0 1 8 sum: 1.000000
0 1 9 sum: 1.000000
0 1 10 sum: 1.000000
0 1 11 sum: 1.000000
0 1 12 sum: 1.000000
0 1 13 sum: 1.000000
0 1 14 sum: 1.000000
0 1 15 sum: 1.000000
0 1 16 sum: 1.000000
0 1 17 sum: 1.000000
0 1 18 sum: 1.000000
0 1 19 sum: 1.000000
0 1 20 sum: 1.000000
0 1 21 sum: 1.000000
0 1 22 sum: 1.000000
0 1 23 sum: 1.000000
0 1 24 sum: 1.000000
0 1 25 sum: 1.000000
0 1 26 sum: 1.000000
0 1 27 sum: 1.000000
0 1 28 sum: 1.000000
0 1 29 sum: 1.000000
0 1 30 sum: 1.000000
0 1 31 sum: 1.000000
0 26 0 sum: 1.000000
0 26 1 sum: 1.000000
0 26 2 sum: 1.000000
0 26 3 sum: 1.000000
0 26 4 sum: 1.000000
0 26 5 sum: 1.000000
0 26 6 sum: 1.000000
0 26 7 sum: 1.000000
0 26 8 sum: 1.000000
0 26 9 sum: 1.000000
0 26 10 sum: 1.000000
0 26 11 sum: 1.000000
0 26 12 sum: 1.000000
0 26 13 sum: 1.000000
0 26 14 sum: 1.000000
0 26 15 sum: 1.000000
0 26 16 sum: 1.000000
0 26 17 sum: 1.000000
0 26 18 sum: 1.000000
0 26 19 sum: 1.000000
0 26 20 sum: 1.000000
0 26 21 sum: 1.000000
0 26 22 sum: 1.000000
0 26 23 sum: 1.000000
0 26 24 sum: 1.000000
0 26 25 sum: 1.000000
0 26 26 sum: 1.000000
0 26 27 sum: 1.000000
0 26 28 sum: 1.000000
0 26 29 sum: 1.000000
0 26 30 sum: 1.000000
0 26 31 sum: 1.000000
0 4 0 sum: 1.000000
0 4 1 sum: 1.000000
0 4 2 sum: 1.000000
0 4 3 sum: 1.000000
0 4 4 sum: 1.000000
0 4 5 sum: 1.000000
0 4 6 sum: 1.000000
0 4 7 sum: 1.000000
0 4 8 sum: 1.000000
0 4 9 sum: 1.000000
0 4 10 sum: 1.000000
0 4 11 sum: 1.000000
0 4 12 sum: 1.000000
0 4 13 sum: 1.000000
0 4 14 sum: 1.000000
0 4 15 sum: 1.000000
0 4 16 sum: 1.000000
0 4 17 sum: 1.000000
0 4 18 sum: 1.000000
0 4 19 sum: 1.000000
0 4 20 sum: 1.000000
0 4 21 sum: 1.000000
0 4 22 sum: 1.000000
0 4 23 sum: 1.000000
0 4 24 sum: 1.000000
0 4 25 sum: 1.000000
0 4 26 sum: 1.000000
0 4 27 sum: 1.000000
0 4 28 sum: 1.000000
0 4 29 sum: 1.000000
0 4 30 sum: 1.000000
0 4 31 sum: 1.000000
0.295365 -0.251748 -0.449524 -0.642416 -0.207039 -0.569698 1.200645 0.110768 -0.857728 -0.587371 1.403849 -0.227718 -0.701439 -0.398029 -0.422890 -0.539719 -1.134877 0.322759 -0.751407 0.644359 -0.198536 -0.226481 -0.169476 0.003668 0.321930 0.403096 -0.301165 0.036428 -0.017110 0.428000 0.660158 -0.716632 
